<?xml version="1.0" encoding="UTF-8"?>
<testsuite xmlns:xsi="http://www.w3.org/2001/XMLSchema-instance" xsi:noNamespaceSchemaLocation="https://maven.apache.org/surefire/maven-surefire-plugin/xsd/surefire-test-report.xsd" name="com.lzk.AppTest" time="0.059" tests="1" errors="0" skipped="0" failures="0">
  <properties>
    <property name="java.specification.version" value="16"/>
    <property name="sun.cpu.isalist" value="amd64"/>
    <property name="sun.jnu.encoding" value="GBK"/>
    <property name="java.class.path" value="C:\Users\22154\Desktop\MathGenerate\target\test-classes;C:\Users\22154\Desktop\MathGenerate\target\classes;D:\study\java_study\maven_repository\junit\junit\4.11\junit-4.11.jar;D:\study\java_study\maven_repository\org\hamcrest\hamcrest-core\1.3\hamcrest-core-1.3.jar;"/>
    <property name="java.vm.vendor" value="Oracle Corporation"/>
    <property name="sun.arch.data.model" value="64"/>
    <property name="user.variant" value=""/>
    <property name="java.vendor.url" value="https://java.oracle.com/"/>
    <property name="user.timezone" value="Asia/Shanghai"/>
    <property name="os.name" value="Windows 10"/>
    <property name="java.vm.specification.version" value="16"/>
    <property name="sun.java.launcher" value="SUN_STANDARD"/>
    <property name="user.country" value="CN"/>
    <property name="sun.boot.library.path" value="C:\Users\22154\.jdks\openjdk-16.0.2\bin"/>
    <property name="sun.java.command" value="C:\Users\22154\AppData\Local\Temp\surefire10681310197318727815\surefirebooter15638056774495225738.jar C:\Users\22154\AppData\Local\Temp\surefire10681310197318727815 2021-10-23T14-48-31_459-jvmRun1 surefire11913566726554452685tmp surefire_012079975970330601525tmp"/>
    <property name="jdk.debug" value="release"/>
    <property name="surefire.test.class.path" value="C:\Users\22154\Desktop\MathGenerate\target\test-classes;C:\Users\22154\Desktop\MathGenerate\target\classes;D:\study\java_study\maven_repository\junit\junit\4.11\junit-4.11.jar;D:\study\java_study\maven_repository\org\hamcrest\hamcrest-core\1.3\hamcrest-core-1.3.jar;"/>
    <property name="sun.cpu.endian" value="little"/>
    <property name="user.home" value="C:\Users\22154"/>
    <property name="user.language" value="zh"/>
    <property name="java.specification.vendor" value="Oracle Corporation"/>
    <property name="java.version.date" value="2021-07-20"/>
    <property name="java.home" value="C:\Users\22154\.jdks\openjdk-16.0.2"/>
    <property name="file.separator" value="\"/>
    <property name="basedir" value="C:\Users\22154\Desktop\MathGenerate"/>
    <property name="java.vm.compressedOopsMode" value="32-bit"/>
    <property name="line.separator" value="&#10;"/>
    <property name="java.vm.specification.vendor" value="Oracle Corporation"/>
    <property name="java.specification.name" value="Java Platform API Specification"/>
    <property name="surefire.real.class.path" value="C:\Users\22154\AppData\Local\Temp\surefire10681310197318727815\surefirebooter15638056774495225738.jar"/>
    <property name="user.script" value=""/>
    <property name="sun.management.compiler" value="HotSpot 64-Bit Tiered Compilers"/>
    <property name="java.runtime.version" value="16.0.2+7-67"/>
    <property name="user.name" value="22154"/>
    <property name="path.separator" value=";"/>
    <property name="os.version" value="10.0"/>
    <property name="java.runtime.name" value="OpenJDK Runtime Environment"/>
    <property name="file.encoding" value="GBK"/>
    <property name="java.vm.name" value="OpenJDK 64-Bit Server VM"/>
    <property name="localRepository" value="D:\study\java_study\maven_repository"/>
    <property name="java.vendor.url.bug" value="https://bugreport.java.com/bugreport/"/>
    <property name="java.io.tmpdir" value="C:\Users\22154\AppData\Local\Temp\"/>
    <property name="idea.version" value="2021.2.1"/>
    <property name="java.version" value="16.0.2"/>
    <property name="user.dir" value="C:\Users\22154\Desktop\MathGenerate"/>
    <property name="os.arch" value="amd64"/>
    <property name="java.vm.specification.name" value="Java Virtual Machine Specification"/>
    <property name="sun.os.patch.level" value=""/>
    <property name="java.library.path" value="C:\Users\22154\.jdks\openjdk-16.0.2\bin;C:\Windows\Sun\Java\bin;C:\Windows\system32;C:\Windows;C:\Python39\Scripts\;C:\Python39\;C:\Program Files (x86)\NVIDIA Corporation\PhysX\Common;C:\Windows\system32;C:\Windows;C:\Windows\System32\Wbem;C:\Windows\System32\WindowsPowerShell\v1.0\;C:\Windows\System32\OpenSSH\;C:\Program Files\Intel\WiFi\bin\;C:\Program Files\Common Files\Intel\WirelessCommon\;C:\Program Files\NVIDIA Corporation\NVIDIA NvDLISR;C:\Program Files\dotnet\;C:\Users\22154\.jdks\openjdk-16.0.2\bin;C:\Users\22154\.jdks\openjdk-16.0.2\jre\bin;C:\Program Files\MySQL\MySQL Server 8.0\bin;C:\Users\22154\IdeaProjects\first\src;%TOMCAT_HOME%\bin;%CATALINA_HOME%\lib;D:\node\;C:\ProgramData\chocolatey\bin;D:\study\java_study\apache-maven-3.6.3-bin\apache-maven-3.6.3\bin;C:\Program Files\Git\cmd;C:\Program Files\MySQL\MySQL Shell 8.0\bin\;C:\Users\22154\Desktop\Tools\WinNT;C:\Users\22154\Desktop\MSDev98\Bin;C:\Users\22154\Desktop\Tools;C:\Users\22154\VC98\bin;C:\Users\22154\AppData\Local\Microsoft\WindowsApps;C:\Users\22154\.jdks\openjdk-16.0.2\bin;C:\Users\22154\.jdks\openjdk-16.0.2\jre\bin;C:\User\22154\Desktop\java study;C:\Users\22154\IdeaProjects\first\src;C:\Users\22154\AppData\Local\Programs\Microsoft VS Code\bin;&quot;%TOMCAT_HOME%\bin;%CATALINA_HOME%\lib&quot;;C:\Users\22154\AppData\Roaming\npm;C:\Program Files\Bandizip\;C:\Users\22154\AppData\Local\GitHubDesktop\bin;."/>
    <property name="java.vm.info" value="mixed mode, sharing"/>
    <property name="java.vendor" value="Oracle Corporation"/>
    <property name="java.vm.version" value="16.0.2+7-67"/>
    <property name="sun.io.unicode.encoding" value="UnicodeLittle"/>
    <property name="maven.repo.local" value="D:\study\java_study\maven_repository"/>
    <property name="java.class.version" value="60.0"/>
  </properties>
  <testcase name="shouldAnswerWithTrue" classname="com.lzk.AppTest" time="0.003"/>
</testsuite>